#
# A fatal error has been detected by the Java Runtime Environment:
#
#  EXCEPTION_ACCESS_VIOLATION (0xc0000005) at pc=0x0000000064ea6059, pid=7164, tid=0x0000000000001ec0
#
# JRE version: OpenJDK Runtime Environment (8.0_242-b01) (build 1.8.0_242-release-1644-b01)
# Java VM: OpenJDK 64-Bit Server VM (25.242-b01 mixed mode windows-amd64 compressed oops)
# Problematic frame:
# V  [jvm.dll+0x106059]
#
# Failed to write core dump. Minidumps are not enabled by default on client versions of Windows
#
# If you would like to submit a bug report, please visit:
#   
#

---------------  T H R E A D  ---------------

Current thread (0x0000000020213800):  JavaThread "WorkerExecutor Queue" [_thread_in_vm, id=7872, stack(0x000000002b640000,0x000000002b740000)]

siginfo: ExceptionCode=0xc0000005, reading address 0x000000000000000e

Registers:
RAX=0x0000000000000008, RBX=0x00000000ffffffff, RCX=0x000000002c37a868, RDX=0x0000000000000001
RSP=0x000000002b73d328, RBP=0x000000002b73d4e0, RSI=0x000000002b73d470, RDI=0x000000002b73d390
R8 =0x0000000000000014, R9 =0x0000000020460790, R10=0x000000002c37a868, R11=0x0000000000000000
R12=0x0000000000000000, R13=0x0000000000000001, R14=0x000000002b73d680, R15=0x0000000000000001
RIP=0x0000000064ea6059, EFLAGS=0x0000000000010202

Top of Stack: (sp=0x000000002b73d328)
0x000000002b73d328:   0000000064f8055b 000000002b73d470
0x000000002b73d338:   000000002b73d390 000029c37df3952a
0x000000002b73d348:   0000000064fb2393 000000002c37a868
0x000000002b73d358:   0000000020213800 00000000ffffffff
0x000000002b73d368:   0000000064f80cc2 000000002b73d3f0
0x000000002b73d378:   00000000ffffffff 0000000020213800
0x000000002b73d388:   0000000002881250 000000002c37a868
0x000000002b73d398:   0000000020213800 000000002b73d460
0x000000002b73d3a8:   0000000064e3932c 000000002b73d680
0x000000002b73d3b8:   000000002b73d460 0000000020213800
0x000000002b73d3c8:   0000000064e3e6a5 000029c37df38a2a
0x000000002b73d3d8:   0000000100b8a460 0000000100b8a460
0x000000002b73d3e8:   0000000100cfe758 000000002c37a868
0x000000002b73d3f8:   0000000020213800 0000000020213800
0x000000002b73d408:   0000000020213800 000000002b73d5c8
0x000000002b73d418:   0000000064e3bcec 000000002b73d460 

Instructions: (pc=0x0000000064ea6059)
0x0000000064ea6039:   33 c0 48 8b 5c 24 20 48 83 c4 28 c3 cc cc cc cc
0x0000000064ea6049:   cc cc cc cc cc cc cc 48 8b 41 18 48 85 c0 74 0a
0x0000000064ea6059:   66 83 78 06 00 76 03 b0 01 c3 44 0f b6 41 2a 41
0x0000000064ea6069:   8d 80 4a ff ff ff 83 f8 05 77 13 41 81 f8 b6 00 


Register to memory mapping:

RAX=0x0000000000000008 is an unknown value
RBX=0x00000000ffffffff is an unallocated location in the heap
RCX={method} {0x000000002c37a870} 'indexMap' '(Ljava/util/Collection;)Lcom/google/common/collect/ImmutableMap;' in 'com/google/common/collect/Maps'
RDX=0x0000000000000001 is an unknown value
RSP=0x000000002b73d328 is pointing into the stack for thread: 0x0000000020213800
RBP=0x000000002b73d4e0 is pointing into the stack for thread: 0x0000000020213800
RSI=0x000000002b73d470 is pointing into the stack for thread: 0x0000000020213800
RDI=0x000000002b73d390 is pointing into the stack for thread: 0x0000000020213800
R8 =0x0000000000000014 is an unknown value
R9 =0x0000000020460790 is an unknown value
R10={method} {0x000000002c37a870} 'indexMap' '(Ljava/util/Collection;)Lcom/google/common/collect/ImmutableMap;' in 'com/google/common/collect/Maps'
R11=0x0000000000000000 is an unknown value
R12=0x0000000000000000 is an unknown value
R13=0x0000000000000001 is an unknown value
R14=0x000000002b73d680 is pointing into the stack for thread: 0x0000000020213800
R15=0x0000000000000001 is an unknown value


Stack: [0x000000002b640000,0x000000002b740000],  sp=0x000000002b73d328,  free space=1012k
Native frames: (J=compiled Java code, j=interpreted, Vv=VM code, C=native code)
V  [jvm.dll+0x106059]

Java frames: (J=compiled Java code, j=interpreted, Vv=VM code)
j  com.google.common.collect.SparseImmutableTable.<init>(Lcom/google/common/collect/ImmutableList;Lcom/google/common/collect/ImmutableSet;Lcom/google/common/collect/ImmutableSet;)V+5
j  com.google.common.collect.SparseImmutableTable.<clinit>()V+13
v  ~StubRoutines::call_stub
j  com.google.common.collect.RegularImmutableTable.forOrderedComponents(Lcom/google/common/collect/ImmutableList;Lcom/google/common/collect/ImmutableSet;Lcom/google/common/collect/ImmutableSet;)Lcom/google/common/collect/RegularImmutableTable;+37
j  com.google.common.collect.RegularImmutableTable.forCellsInternal(Ljava/lang/Iterable;Ljava/util/Comparator;Ljava/util/Comparator;)Lcom/google/common/collect/RegularImmutableTable;+135
j  com.google.common.collect.RegularImmutableTable.forCells(Ljava/util/List;Ljava/util/Comparator;Ljava/util/Comparator;)Lcom/google/common/collect/RegularImmutableTable;+31
j  com.google.common.collect.ImmutableTable$Builder.build()Lcom/google/common/collect/ImmutableTable;+70
j  com.android.ide.common.symbols.SymbolTable$FastBuilder.build()Lcom/android/ide/common/symbols/SymbolTable;+12
j  com.android.ide.common.symbols.SymbolIo.read(Ljava/util/stream/Stream;Ljava/lang/String;Ljava/lang/String;Lcom/android/ide/common/symbols/SymbolIo$ReadConfiguration;)Lcom/android/ide/common/symbols/SymbolTable;+53
j  com.android.ide.common.symbols.SymbolIo.read(Ljava/io/File;Ljava/lang/String;Lcom/android/ide/common/symbols/SymbolIo$ReadConfiguration;)Lcom/android/ide/common/symbols/SymbolTable;+25
j  com.android.ide.common.symbols.SymbolIo.readFromAapt(Ljava/io/File;Ljava/lang/String;)Lcom/android/ide/common/symbols/SymbolTable;+12
j  com.android.build.gradle.internal.res.Aapt2ProcessResourcesRunnableKt.processResources(Lcom/android/builder/internal/aapt/v2/Aapt2;Lcom/android/builder/internal/aapt/AaptPackageConfig;Ljava/io/File;Lcom/android/utils/ILogger;)V+128
j  com.android.build.gradle.internal.res.LinkApplicationAndroidResourcesTask$AaptSplitInvoker.invokeAaptForSplit(Lcom/android/build/gradle/internal/res/LinkApplicationAndroidResourcesTask$AaptSplitInvokerParams;)V+777
j  com.android.build.gradle.internal.res.LinkApplicationAndroidResourcesTask$AaptSplitInvoker.run()V+6
j  com.android.build.gradle.internal.tasks.Workers$ActionFacade.run()V+129
j  org.gradle.workers.internal.AdapterWorkAction.execute()V+48
j  org.gradle.workers.internal.DefaultWorkerServer.execute(Lorg/gradle/workers/internal/SimpleActionExecutionSpec;)Lorg/gradle/workers/internal/DefaultWorkResult;+128
j  org.gradle.workers.internal.NoIsolationWorkerFactory$1$1.create()Lorg/gradle/workers/internal/DefaultWorkResult;+29
j  org.gradle.workers.internal.NoIsolationWorkerFactory$1$1.create()Ljava/lang/Object;+1
j  org.gradle.internal.classloader.ClassLoaderUtils.executeInClassloader(Ljava/lang/ClassLoader;Lorg/gradle/internal/Factory;)Ljava/lang/Object;+15
j  org.gradle.workers.internal.NoIsolationWorkerFactory$1.lambda$execute$0(Ljava/lang/ClassLoader;Lorg/gradle/workers/WorkerExecutor;Lorg/gradle/workers/internal/IsolatedParametersActionExecutionSpec;)Lorg/gradle/workers/internal/DefaultWorkResult;+10
j  org.gradle.workers.internal.NoIsolationWorkerFactory$1$$Lambda$969.execute(Lorg/gradle/workers/internal/IsolatedParametersActionExecutionSpec;)Lorg/gradle/workers/internal/DefaultWorkResult;+13
j  org.gradle.workers.internal.AbstractWorker$1.call(Lorg/gradle/internal/operations/BuildOperationContext;)Lorg/gradle/workers/internal/DefaultWorkResult;+8
j  org.gradle.workers.internal.AbstractWorker$1.call(Lorg/gradle/internal/operations/BuildOperationContext;)Ljava/lang/Object;+2
J 7620 C1 org.gradle.internal.operations.DefaultBuildOperationExecutor$CallableBuildOperationWorker.execute(Lorg/gradle/internal/operations/BuildOperation;Lorg/gradle/internal/operations/BuildOperationContext;)V (10 bytes) @ 0x0000000003fd8bec [0x0000000003fd8980+0x26c]
J 5393 C1 org.gradle.internal.operations.DefaultBuildOperationExecutor$1.execute(Lorg/gradle/internal/operations/BuildOperationDescriptor;Lorg/gradle/internal/operations/DefaultBuildOperationExecutor$DefaultBuildOperationContext;Lorg/gradle/internal/operations/DefaultBuildOperationExecutor$BuildOperationExecutionListener;)Lorg/gradle/internal/operations/BuildOperation; (82 bytes) @ 0x0000000002d5a4f4 [0x0000000002d5a380+0x174]
J 5233 C1 org.gradle.internal.operations.DefaultBuildOperationExecutor.execute(Lorg/gradle/internal/operations/BuildOperationDescriptor$Builder;Lorg/gradle/internal/operations/DefaultBuildOperationExecutor$BuildOperationState;Lorg/gradle/internal/operations/DefaultBuildOperationExecutor$BuildOperationExecution;)Lorg/gradle/internal/operations/BuildOperation; (111 bytes) @ 0x0000000003b9c8ec [0x0000000003b9b980+0xf6c]
J 5616 C1 org.gradle.internal.operations.DefaultBuildOperationExecutor.call(Lorg/gradle/internal/operations/CallableBuildOperation;)Ljava/lang/Object; (38 bytes) @ 0x0000000002ac24ac [0x0000000002ac1da0+0x70c]
J 5615 C1 org.gradle.internal.operations.DelegatingBuildOperationExecutor.call(Lorg/gradle/internal/operations/CallableBuildOperation;)Ljava/lang/Object; (11 bytes) @ 0x0000000002c0c604 [0x0000000002c0c500+0x104]
j  org.gradle.workers.internal.AbstractWorker.executeWrappedInBuildOperation(Lorg/gradle/workers/internal/IsolatedParametersActionExecutionSpec;Lorg/gradle/internal/operations/BuildOperationRef;Lorg/gradle/workers/internal/AbstractWorker$Work;)Lorg/gradle/workers/internal/DefaultWorkResult;+15
j  org.gradle.workers.internal.NoIsolationWorkerFactory$1.execute(Lorg/gradle/workers/internal/IsolatedParametersActionExecutionSpec;Lorg/gradle/internal/operations/BuildOperationRef;)Lorg/gradle/workers/internal/DefaultWorkResult;+17
j  org.gradle.workers.internal.DefaultWorkerExecutor.lambda$submitWork$2(Lorg/gradle/workers/internal/WorkerFactory;Lorg/gradle/workers/internal/WorkerRequirement;Lorg/gradle/workers/internal/IsolatedParametersActionExecutionSpec;Lorg/gradle/internal/operations/BuildOperationRef;)Lorg/gradle/workers/internal/DefaultWorkResult;+13
j  org.gradle.workers.internal.DefaultWorkerExecutor$$Lambda$968.call()Ljava/lang/Object;+16
J 7691 C1 java.util.concurrent.FutureTask.run()V (126 bytes) @ 0x000000000400178c [0x0000000004001540+0x24c]
j  org.gradle.internal.work.DefaultConditionalExecutionQueue$ExecutionRunner.runExecution(Lorg/gradle/internal/work/ConditionalExecution;)V+6
j  org.gradle.internal.work.DefaultConditionalExecutionQueue$ExecutionRunner.runBatch(Lorg/gradle/internal/work/ConditionalExecution;)V+8
j  org.gradle.internal.work.DefaultConditionalExecutionQueue$ExecutionRunner.run()V+11
J 9260 C1 java.util.concurrent.Executors$RunnableAdapter.call()Ljava/lang/Object; (14 bytes) @ 0x0000000003d4f1cc [0x0000000003d4f0c0+0x10c]
J 7691 C1 java.util.concurrent.FutureTask.run()V (126 bytes) @ 0x000000000400178c [0x0000000004001540+0x24c]
J 8370 C1 org.gradle.internal.concurrent.ManagedExecutorImpl$1.run()V (59 bytes) @ 0x0000000003d63e2c [0x0000000003d63920+0x50c]
J 9694 C1 java.util.concurrent.ThreadPoolExecutor.runWorker(Ljava/util/concurrent/ThreadPoolExecutor$Worker;)V (225 bytes) @ 0x00000000044787a4 [0x0000000004477760+0x1044]
J 11109 C1 java.util.concurrent.ThreadPoolExecutor$Worker.run()V (9 bytes) @ 0x00000000048cdc84 [0x00000000048cdb80+0x104]
j  org.gradle.internal.concurrent.ThreadFactoryImpl$ManagedThreadRunnable.run()V+7
J 11108 C1 java.lang.Thread.run()V (17 bytes) @ 0x00000000048ce1c4 [0x00000000048ce080+0x144]
v  ~StubRoutines::call_stub

---------------  P R O C E S S  ---------------

Java Threads: ( => current thread )
  0x000000001b4eb000 JavaThread "WorkerExecutor Queue Thread 2" [_thread_blocked, id=12308, stack(0x0000000030440000,0x0000000030540000)]
  0x0000000020215800 JavaThread "stdout" [_thread_in_native, id=9876, stack(0x000000002ff40000,0x0000000030040000)]
  0x0000000020215000 JavaThread "stderr" [_thread_in_native, id=13288, stack(0x000000002fd40000,0x000000002fe40000)]
  0x0000000020214000 JavaThread "pool-6-thread-1" [_thread_blocked, id=6228, stack(0x000000002fc40000,0x000000002fd40000)]
=>0x0000000020213800 JavaThread "WorkerExecutor Queue" [_thread_in_vm, id=7872, stack(0x000000002b640000,0x000000002b740000)]
  0x000000002020a800 JavaThread "Cache worker for execution history cache (C:\Users\admin\AndroidStudioProjects\BaccaratNHCAOBIL\.gradle\6.5\executionHistory)" [_thread_blocked, id=13228, stack(0x000000002f940000,0x000000002fa40000)]
  0x000000002020f800 JavaThread "Execution worker for ':' Thread 7" [_thread_blocked, id=3384, stack(0x000000002f840000,0x000000002f940000)]
  0x000000002020e000 JavaThread "Execution worker for ':' Thread 6" [_thread_blocked, id=1364, stack(0x000000002f740000,0x000000002f840000)]
  0x0000000020210800 JavaThread "Execution worker for ':' Thread 5" [_thread_blocked, id=11696, stack(0x000000002f640000,0x000000002f740000)]
  0x000000002020f000 JavaThread "Execution worker for ':' Thread 4" [_thread_blocked, id=5380, stack(0x000000002f540000,0x000000002f640000)]
  0x0000000020211000 JavaThread "Execution worker for ':' Thread 3" [_thread_blocked, id=5388, stack(0x000000002f440000,0x000000002f540000)]
  0x0000000020207800 JavaThread "Execution worker for ':' Thread 2" [_thread_blocked, id=7688, stack(0x000000002f340000,0x000000002f440000)]
  0x0000000020209000 JavaThread "Execution worker for ':'" [_thread_blocked, id=11048, stack(0x000000002c970000,0x000000002ca70000)]
  0x000000002020c800 JavaThread "Cache worker for file content cache (C:\Users\admin\AndroidStudioProjects\BaccaratNHCAOBIL\.gradle\6.5\fileContent)" [_thread_blocked, id=6908, stack(0x000000002b420000,0x000000002b520000)]
  0x0000000020209800 JavaThread "Cache worker for Build Output Cleanup Cache (C:\Users\admin\AndroidStudioProjects\BaccaratNHCAOBIL\.gradle\buildOutputCleanup)" [_thread_blocked, id=12632, stack(0x000000002b540000,0x000000002b640000)]
  0x000000002020c000 JavaThread "jar transforms Thread 276" [_thread_blocked, id=6220, stack(0x000000002b320000,0x000000002b420000)]
  0x0000000020208000 JavaThread "jar transforms Thread 275" [_thread_blocked, id=4540, stack(0x000000002b220000,0x000000002b320000)]
  0x0000000020206800 JavaThread "jar transforms Thread 274" [_thread_blocked, id=11360, stack(0x000000002b120000,0x000000002b220000)]
  0x00000000201dc000 JavaThread "jar transforms Thread 273" [_thread_blocked, id=2176, stack(0x000000002b020000,0x000000002b120000)]
  0x00000000201e0000 JavaThread "jar transforms Thread 272" [_thread_blocked, id=9512, stack(0x000000002af20000,0x000000002b020000)]
  0x00000000201df000 JavaThread "jar transforms Thread 271" [_thread_blocked, id=9044, stack(0x000000002ae20000,0x000000002af20000)]
  0x00000000201db800 JavaThread "jar transforms Thread 270" [_thread_blocked, id=4772, stack(0x000000002ad20000,0x000000002ae20000)]
  0x00000000201de800 JavaThread "jar transforms Thread 269" [_thread_blocked, id=4740, stack(0x000000002ac20000,0x000000002ad20000)]
  0x00000000201e2000 JavaThread "jar transforms Thread 268" [_thread_blocked, id=7248, stack(0x000000002ab20000,0x000000002ac20000)]
  0x00000000201e1800 JavaThread "jar transforms Thread 267" [_thread_blocked, id=6184, stack(0x000000002aa20000,0x000000002ab20000)]
  0x00000000201dd800 JavaThread "jar transforms Thread 266" [_thread_blocked, id=7264, stack(0x000000002a920000,0x000000002aa20000)]
  0x00000000201dd000 JavaThread "jar transforms Thread 265" [_thread_blocked, id=7256, stack(0x000000002a820000,0x000000002a920000)]
  0x00000000201e0800 JavaThread "jar transforms Thread 264" [_thread_blocked, id=7260, stack(0x000000002a720000,0x000000002a820000)]
  0x00000000201d4000 JavaThread "jar transforms Thread 263" [_thread_blocked, id=6364, stack(0x000000002a620000,0x000000002a720000)]
  0x00000000201da800 JavaThread "jar transforms Thread 262" [_thread_blocked, id=10224, stack(0x000000002a520000,0x000000002a620000)]
  0x00000000201d6000 JavaThread "jar transforms Thread 261" [_thread_blocked, id=6712, stack(0x000000002a420000,0x000000002a520000)]
  0x00000000201d8800 JavaThread "jar transforms Thread 260" [_thread_blocked, id=9232, stack(0x000000002a320000,0x000000002a420000)]
  0x00000000201d4800 JavaThread "jar transforms Thread 259" [_thread_blocked, id=11136, stack(0x000000002a220000,0x000000002a320000)]
  0x00000000201d5800 JavaThread "jar transforms Thread 258" [_thread_blocked, id=4592, stack(0x000000002a120000,0x000000002a220000)]
  0x00000000201d7800 JavaThread "jar transforms Thread 257" [_thread_blocked, id=11636, stack(0x000000002a020000,0x000000002a120000)]
  0x00000000201d7000 JavaThread "jar transforms Thread 256" [_thread_blocked, id=1172, stack(0x0000000029f20000,0x000000002a020000)]
  0x00000000201d3000 JavaThread "jar transforms Thread 255" [_thread_blocked, id=12812, stack(0x0000000029e20000,0x0000000029f20000)]
  0x00000000201da000 JavaThread "jar transforms Thread 254" [_thread_blocked, id=10552, stack(0x0000000029d20000,0x0000000029e20000)]
  0x00000000201d9000 JavaThread "jar transforms Thread 253" [_thread_blocked, id=980, stack(0x0000000029c20000,0x0000000029d20000)]
  0x0000000020518800 JavaThread "jar transforms Thread 252" [_thread_blocked, id=9076, stack(0x0000000029b20000,0x0000000029c20000)]
  0x0000000020517800 JavaThread "jar transforms Thread 251" [_thread_blocked, id=4336, stack(0x0000000029a20000,0x0000000029b20000)]
  0x0000000020516000 JavaThread "jar transforms Thread 250" [_thread_blocked, id=13080, stack(0x0000000029920000,0x0000000029a20000)]
  0x0000000020515800 JavaThread "jar transforms Thread 249" [_thread_blocked, id=4332, stack(0x0000000029820000,0x0000000029920000)]
  0x000000002051a000 JavaThread "jar transforms Thread 248" [_thread_blocked, id=12808, stack(0x0000000029720000,0x0000000029820000)]
  0x000000001c3b1800 JavaThread "jar transforms Thread 247" [_thread_blocked, id=4208, stack(0x0000000029620000,0x0000000029720000)]
  0x000000001c3b1000 JavaThread "jar transforms Thread 246" [_thread_blocked, id=12412, stack(0x0000000029520000,0x0000000029620000)]
  0x000000001c3b0000 JavaThread "jar transforms Thread 245" [_thread_blocked, id=13204, stack(0x0000000029420000,0x0000000029520000)]
  0x000000001c3ae800 JavaThread "jar transforms Thread 244" [_thread_blocked, id=10984, stack(0x0000000029320000,0x0000000029420000)]
  0x000000001c3ac800 JavaThread "jar transforms Thread 243" [_thread_blocked, id=9984, stack(0x0000000029220000,0x0000000029320000)]
  0x000000001c3ab000 JavaThread "jar transforms Thread 242" [_thread_blocked, id=4472, stack(0x0000000029120000,0x0000000029220000)]
  0x000000001c3af800 JavaThread "jar transforms Thread 241" [_thread_blocked, id=6524, stack(0x0000000029020000,0x0000000029120000)]
  0x000000001c3ae000 JavaThread "jar transforms Thread 240" [_thread_blocked, id=6960, stack(0x0000000028f20000,0x0000000029020000)]
  0x000000001b4e7800 JavaThread "jar transforms Thread 239" [_thread_blocked, id=4092, stack(0x0000000028e20000,0x0000000028f20000)]
  0x000000001b4e9800 JavaThread "jar transforms Thread 238" [_thread_blocked, id=10792, stack(0x0000000028d20000,0x0000000028e20000)]
  0x000000001b4e9000 JavaThread "jar transforms Thread 237" [_thread_blocked, id=11928, stack(0x0000000028c20000,0x0000000028d20000)]
  0x000000001b4e8000 JavaThread "jar transforms Thread 236" [_thread_blocked, id=12704, stack(0x0000000028b20000,0x0000000028c20000)]
  0x000000001b4e0000 JavaThread "jar transforms Thread 235" [_thread_blocked, id=5080, stack(0x0000000028a20000,0x0000000028b20000)]
  0x000000001b4e3000 JavaThread "jar transforms Thread 234" [_thread_blocked, id=6548, stack(0x0000000028920000,0x0000000028a20000)]
  0x000000001b4e6800 JavaThread "jar transforms Thread 233" [_thread_blocked, id=4660, stack(0x0000000028820000,0x0000000028920000)]
  0x000000001b4e2000 JavaThread "jar transforms Thread 232" [_thread_blocked, id=5608, stack(0x0000000028720000,0x0000000028820000)]
  0x000000001b4e3800 JavaThread "jar transforms Thread 231" [_thread_blocked, id=8020, stack(0x0000000028620000,0x0000000028720000)]
  0x000000001b4e1800 JavaThread "jar transforms Thread 230" [_thread_blocked, id=884, stack(0x0000000028520000,0x0000000028620000)]
  0x000000001b4df000 JavaThread "jar transforms Thread 229" [_thread_blocked, id=2648, stack(0x0000000028420000,0x0000000028520000)]
  0x000000001b4e6000 JavaThread "jar transforms Thread 228" [_thread_blocked, id=3772, stack(0x0000000028320000,0x0000000028420000)]
  0x000000001b4e0800 JavaThread "jar transforms Thread 227" [_thread_blocked, id=3264, stack(0x0000000028220000,0x0000000028320000)]
  0x000000001b4de800 JavaThread "jar transforms Thread 226" [_thread_blocked, id=3260, stack(0x0000000028120000,0x0000000028220000)]
  0x000000001b4e4800 JavaThread "jar transforms Thread 225" [_thread_blocked, id=9764, stack(0x0000000028020000,0x0000000028120000)]
  0x000000001b4e5000 JavaThread "jar transforms Thread 224" [_thread_blocked, id=3032, stack(0x0000000027f20000,0x0000000028020000)]
  0x000000001acc1800 JavaThread "jar transforms Thread 223" [_thread_blocked, id=3100, stack(0x0000000027e20000,0x0000000027f20000)]
  0x000000001acbe800 JavaThread "jar transforms Thread 222" [_thread_blocked, id=3104, stack(0x0000000027d20000,0x0000000027e20000)]
  0x000000001acc3000 JavaThread "jar transforms Thread 221" [_thread_blocked, id=7004, stack(0x0000000027c20000,0x0000000027d20000)]
  0x000000001acc2800 JavaThread "jar transforms Thread 220" [_thread_blocked, id=296, stack(0x0000000027b20000,0x0000000027c20000)]
  0x000000001acba000 JavaThread "jar transforms Thread 219" [_thread_blocked, id=3044, stack(0x0000000027a20000,0x0000000027b20000)]
  0x000000001acbe000 JavaThread "jar transforms Thread 218" [_thread_blocked, id=4796, stack(0x0000000027920000,0x0000000027a20000)]
  0x000000001acbc800 JavaThread "jar transforms Thread 217" [_thread_blocked, id=3780, stack(0x0000000027820000,0x0000000027920000)]
  0x000000001acbb800 JavaThread "jar transforms Thread 216" [_thread_blocked, id=3040, stack(0x0000000027720000,0x0000000027820000)]
  0x000000001acc1000 JavaThread "jar transforms Thread 215" [_thread_blocked, id=12588, stack(0x0000000027620000,0x0000000027720000)]
  0x000000001acc0000 JavaThread "jar transforms Thread 214" [_thread_blocked, id=11864, stack(0x0000000027520000,0x0000000027620000)]
  0x000000001acbf800 JavaThread "jar transforms Thread 213" [_thread_blocked, id=1116, stack(0x0000000027420000,0x0000000027520000)]
  0x000000001acbb000 JavaThread "jar transforms Thread 212" [_thread_blocked, id=2656, stack(0x0000000027320000,0x0000000027420000)]
  0x000000001acbd000 JavaThread "jar transforms Thread 211" [_thread_blocked, id=2652, stack(0x0000000027220000,0x0000000027320000)]
  0x000000001acb4000 JavaThread "jar transforms Thread 210" [_thread_blocked, id=8344, stack(0x0000000027120000,0x0000000027220000)]
  0x000000001acb9800 JavaThread "jar transforms Thread 209" [_thread_blocked, id=2256, stack(0x0000000027020000,0x0000000027120000)]
  0x000000001acb8800 JavaThread "jar transforms Thread 208" [_thread_blocked, id=2104, stack(0x0000000026d20000,0x0000000026e20000)]
  0x000000001acb5000 JavaThread "jar transforms Thread 207" [_thread_blocked, id=2356, stack(0x0000000026c20000,0x0000000026d20000)]
  0x000000001acb5800 JavaThread "jar transforms Thread 206" [_thread_blocked, id=6248, stack(0x0000000025b20000,0x0000000025c20000)]
  0x000000001acb6800 JavaThread "jar transforms Thread 205" [_thread_blocked, id=1936, stack(0x0000000025a20000,0x0000000025b20000)]
  0x000000001fdc7800 JavaThread "jar transforms Thread 204" [_thread_blocked, id=2948, stack(0x0000000025920000,0x0000000025a20000)]
  0x000000001fdc6000 JavaThread "jar transforms Thread 203" [_thread_blocked, id=4392, stack(0x0000000025560000,0x0000000025660000)]
  0x000000001fdc5000 JavaThread "jar transforms Thread 202" [_thread_blocked, id=6040, stack(0x0000000025460000,0x0000000025560000)]
  0x000000001fdc8000 JavaThread "jar transforms Thread 201" [_thread_blocked, id=2456, stack(0x0000000025360000,0x0000000025460000)]
  0x000000001fdc6800 JavaThread "jar transforms Thread 200" [_thread_blocked, id=2184, stack(0x0000000023c70000,0x0000000023d70000)]
  0x000000001fdbd800 JavaThread "jar transforms Thread 199" [_thread_blocked, id=2180, stack(0x0000000023370000,0x0000000023470000)]
  0x000000001fdc4800 JavaThread "jar transforms Thread 198" [_thread_blocked, id=12596, stack(0x0000000023270000,0x0000000023370000)]
  0x000000001fdc3800 JavaThread "jar transforms Thread 197" [_thread_blocked, id=4248, stack(0x0000000023170000,0x0000000023270000)]
  0x000000001fdc3000 JavaThread "jar transforms Thread 196" [_thread_blocked, id=2452, stack(0x0000000022e70000,0x0000000022f70000)]
  0x000000001fdc2000 JavaThread "jar transforms Thread 195" [_thread_blocked, id=2080, stack(0x0000000022d70000,0x0000000022e70000)]
  0x000000001fdba800 JavaThread "jar transforms Thread 194" [_thread_blocked, id=12976, stack(0x0000000022c70000,0x0000000022d70000)]
  0x000000001fdc0800 JavaThread "jar transforms Thread 193" [_thread_blocked, id=7676, stack(0x0000000022b70000,0x0000000022c70000)]
  0x000000001fdc1800 JavaThread "jar transforms Thread 192" [_thread_blocked, id=12460, stack(0x0000000022a70000,0x0000000022b70000)]
  0x000000001fdbc000 JavaThread "jar transforms Thread 191" [_thread_blocked, id=13136, stack(0x0000000022970000,0x0000000022a70000)]
  0x000000001fdbb800 JavaThread "jar transforms Thread 190" [_thread_blocked, id=12896, stack(0x0000000022770000,0x0000000022870000)]
  0x000000001fdc0000 JavaThread "jar transforms Thread 189" [_thread_blocked, id=1220, stack(0x0000000022670000,0x0000000022770000)]
  0x000000001fdba000 JavaThread "jar transforms Thread 188" [_thread_blocked, id=11152, stack(0x0000000022570000,0x0000000022670000)]
  0x000000001fdb9000 JavaThread "jar transforms Thread 187" [_thread_blocked, id=1216, stack(0x0000000022470000,0x0000000022570000)]
  0x000000001fdbf000 JavaThread "jar transforms Thread 186" [_thread_blocked, id=11604, stack(0x0000000022370000,0x0000000022470000)]
  0x000000001fc14800 JavaThread "Build operations Thread 8" [_thread_blocked, id=1192, stack(0x0000000022270000,0x0000000022370000)]
  0x000000001fc18000 JavaThread "Build operations Thread 7" [_thread_blocked, id=3844, stack(0x0000000022170000,0x0000000022270000)]
  0x000000001fc17800 JavaThread "Build operations Thread 6" [_thread_blocked, id=1384, stack(0x0000000022070000,0x0000000022170000)]
  0x000000001fc13800 JavaThread "Build operations Thread 5" [_thread_blocked, id=1708, stack(0x0000000021f70000,0x0000000022070000)]
  0x000000001fc16800 JavaThread "Build operations Thread 4" [_thread_blocked, id=1088, stack(0x0000000021b90000,0x0000000021c90000)]
  0x000000001fc15000 JavaThread "Build operations Thread 3" [_thread_blocked, id=3480, stack(0x0000000020a40000,0x0000000020b40000)]
  0x000000001fc19000 JavaThread "Build operations Thread 2" [_thread_blocked, id=1880, stack(0x0000000020940000,0x0000000020a40000)]
  0x000000001fc13000 JavaThread "Build operations" [_thread_blocked, id=4256, stack(0x0000000020840000,0x0000000020940000)]
  0x000000001fc0b800 JavaThread "jar transforms Thread 185" [_thread_blocked, id=1424, stack(0x0000000020740000,0x0000000020840000)]
  0x000000001fc12000 JavaThread "Cache worker for cache directory md-rule (C:\Users\admin\.gradle\caches\6.5\md-rule)" [_thread_blocked, id=520, stack(0x000000001e450000,0x000000001e550000)]
  0x000000001fc0a800 JavaThread "Cache worker for cache directory md-supplier (C:\Users\admin\.gradle\caches\6.5\md-supplier)" [_thread_blocked, id=1152, stack(0x000000001de50000,0x000000001df50000)]
  0x000000001fc0f000 JavaThread "Cache worker for checksums cache (C:\Users\admin\AndroidStudioProjects\BaccaratNHCAOBIL\.gradle\checksums)" [_thread_blocked, id=7844, stack(0x000000001db50000,0x000000001dc50000)]
  0x000000001fc11800 JavaThread "Cache worker for file hash cache (C:\Users\admin\AndroidStudioProjects\BaccaratNHCAOBIL\.gradle\6.5\fileHashes)" [_thread_blocked, id=8424, stack(0x000000001da50000,0x000000001db50000)]
  0x000000001fc0e800 JavaThread "Thread-253" [_thread_blocked, id=956, stack(0x000000001d950000,0x000000001da50000)]
  0x000000001fc0d800 JavaThread "Stdin handler" [_thread_blocked, id=9768, stack(0x000000001d850000,0x000000001d950000)]
  0x000000001fc0a000 JavaThread "Asynchronous log dispatcher for DefaultDaemonConnection: socket connection from /127.0.0.1:49893 to /127.0.0.1:50111" [_thread_blocked, id=5072, stack(0x000000001d210000,0x000000001d310000)]
  0x000000001fc10800 JavaThread "Daemon worker Thread 3" [_thread_blocked, id=12936, stack(0x000000001d110000,0x000000001d210000)]
  0x000000001fc0c000 JavaThread "Cancel handler" [_thread_blocked, id=6800, stack(0x0000000000900000,0x0000000000a00000)]
  0x000000001fc10000 JavaThread "Handler for socket connection from /127.0.0.1:49893 to /127.0.0.1:50111" [_thread_in_native, id=11032, stack(0x0000000000800000,0x0000000000900000)]
  0x000000001fc0d000 JavaThread "Daemon Thread 3" [_thread_blocked, id=6316, stack(0x0000000000700000,0x0000000000800000)]
  0x0000000020514000 JavaThread "Memory manager" [_thread_blocked, id=12388, stack(0x000000002be20000,0x000000002bf20000)]
  0x000000001b4ec000 JavaThread "Cache worker for file content cache (C:\Users\admin\.gradle\caches\6.5\fileContent)" [_thread_blocked, id=492, stack(0x0000000023b70000,0x0000000023c70000)]
  0x000000001b4ea800 JavaThread "Cache worker for execution history cache (C:\Users\admin\.gradle\caches\6.5\executionHistory)" [_thread_blocked, id=9788, stack(0x0000000023670000,0x0000000023770000)]
  0x000000001c3ad000 JavaThread "Cache worker for file hash cache (C:\Users\admin\.gradle\caches\6.5\fileHashes)" [_thread_blocked, id=8380, stack(0x000000001e350000,0x000000001e450000)]
  0x000000001c3ab800 JavaThread "File lock request listener" [_thread_in_native, id=9148, stack(0x000000001e250000,0x000000001e350000)]
  0x000000001c59a000 JavaThread "Cache worker for journal cache (C:\Users\admin\.gradle\caches\journal-1)" [_thread_blocked, id=2896, stack(0x000000001e150000,0x000000001e250000)]
  0x000000001c2b1800 JavaThread "Daemon periodic checks" [_thread_blocked, id=3796, stack(0x000000001d550000,0x000000001d650000)]
  0x000000001c201800 JavaThread "Incoming local TCP Connector on port 49893" [_thread_in_native, id=3632, stack(0x000000001d310000,0x000000001d410000)]
  0x000000001bdec800 JavaThread "Daemon health stats" [_thread_blocked, id=9136, stack(0x000000001d010000,0x000000001d110000)]
  0x000000001988a800 JavaThread "Service Thread" daemon [_thread_blocked, id=11452, stack(0x000000001a470000,0x000000001a570000)]
  0x0000000019807000 JavaThread "C1 CompilerThread3" daemon [_thread_blocked, id=6936, stack(0x000000001a370000,0x000000001a470000)]
  0x0000000019803000 JavaThread "C2 CompilerThread2" daemon [_thread_in_native, id=928, stack(0x000000001a270000,0x000000001a370000)]
  0x00000000197ff800 JavaThread "C2 CompilerThread1" daemon [_thread_blocked, id=11496, stack(0x000000001a170000,0x000000001a270000)]
  0x00000000197fb000 JavaThread "C2 CompilerThread0" daemon [_thread_blocked, id=6708, stack(0x000000001a070000,0x000000001a170000)]
  0x00000000197a8000 JavaThread "Attach Listener" daemon [_thread_blocked, id=2268, stack(0x0000000019f70000,0x000000001a070000)]
  0x00000000197a7800 JavaThread "Signal Dispatcher" daemon [_thread_blocked, id=10220, stack(0x0000000019e70000,0x0000000019f70000)]
  0x000000000292e000 JavaThread "Finalizer" daemon [_thread_blocked, id=10588, stack(0x0000000019c70000,0x0000000019d70000)]
  0x000000001799c800 JavaThread "Reference Handler" daemon [_thread_blocked, id=8868, stack(0x0000000019b70000,0x0000000019c70000)]
  0x0000000000b3e000 JavaThread "main" [_thread_blocked, id=7828, stack(0x0000000002340000,0x0000000002440000)]

Other Threads:
  0x0000000017998000 VMThread [stack: 0x0000000019670000,0x0000000019770000] [id=10500]
  0x000000001988b000 WatcherThread [stack: 0x000000001a570000,0x000000001a670000] [id=4436]

VM state:not at safepoint (normal execution)

VM Mutex/Monitor currently owned by a thread: None

heap address: 0x0000000080000000, size: 2048 MB, Compressed Oops mode: 32-bit
Narrow klass base: 0x0000000000000000, Narrow klass shift: 3
Compressed class space size: 1073741824 Address: 0x0000000100000000

Heap:
 PSYoungGen      total 368640K, used 327323K [0x00000000d5580000, 0x00000000f0900000, 0x0000000100000000)
  eden space 340992K, 90% used [0x00000000d5580000,0x00000000e83bac80,0x00000000ea280000)
  from space 27648K, 64% used [0x00000000ea280000,0x00000000eb3ec190,0x00000000ebd80000)
  to   space 28160K, 0% used [0x00000000eed80000,0x00000000eed80000,0x00000000f0900000)
 ParOldGen       total 170496K, used 59774K [0x0000000080000000, 0x000000008a680000, 0x00000000d5580000)
  object space 170496K, 35% used [0x0000000080000000,0x0000000083a5f8b0,0x000000008a680000)
 Metaspace       used 92703K, capacity 97898K, committed 98136K, reserved 1134592K
  class space    used 12310K, capacity 13354K, committed 13440K, reserved 1048576K

Card table byte_map: [0x0000000011cf0000,0x0000000012100000] byte_map_base: 0x00000000118f0000

Marking Bits: (ParMarkBitMap*) 0x000000006556f030
 Begin Bits: [0x0000000012bb0000, 0x0000000014bb0000)
 End Bits:   [0x0000000014bb0000, 0x0000000016bb0000)

Polling page: 0x0000000000520000

CodeCache: size=245760Kb used=37546Kb max_used=37574Kb free=208213Kb
 bounds [0x0000000002930000, 0x0000000004e10000, 0x0000000011930000]
 total_blobs=12092 nmethods=11232 adapters=772
 compilation: enabled

Compilation events (10 events):
Event: 1652.080 Thread 0x00000000197ff800 12945       4       java.lang.Integer::parseInt (261 bytes)
Event: 1652.081 Thread 0x0000000019807000 nmethod 12947 0x0000000004e00790 code [0x0000000004e009a0, 0x0000000004e01488]
Event: 1652.081 Thread 0x00000000197fb000 nmethod 12916 0x0000000004e04a50 code [0x0000000004e04bc0, 0x0000000004e05108]
Event: 1652.084 Thread 0x00000000197fb000 12948       4       com.google.common.collect.ObjectArrays::checkElementNotNull (33 bytes)
Event: 1652.085 Thread 0x0000000019807000 12949       1       com.google.common.collect.Tables$ImmutableCell::getRowKey (5 bytes)
Event: 1652.085 Thread 0x0000000019807000 nmethod 12949 0x0000000004dfd290 code [0x0000000004dfd3e0, 0x0000000004dfd4f0]
Event: 1652.085 Thread 0x0000000019807000 12950       1       com.google.common.collect.Tables$ImmutableCell::getColumnKey (5 bytes)
Event: 1652.085 Thread 0x0000000019807000 nmethod 12950 0x0000000004dfcf90 code [0x0000000004dfd0e0, 0x0000000004dfd1f0]
Event: 1652.085 Thread 0x00000000197fb000 nmethod 12948 0x00000000047bc190 code [0x00000000047bc2c0, 0x00000000047bc318]
Event: 1652.085 Thread 0x00000000197ff800 nmethod 12945 0x0000000004e03e10 code [0x0000000004e03fa0, 0x0000000004e04588]

GC Heap History (10 events):
Event: 4.688 GC heap before
{Heap before GC invocations=10 (full 2):
 PSYoungGen      total 206848K, used 193536K [0x00000000d5580000, 0x00000000e9a80000, 0x0000000100000000)
  eden space 193536K, 100% used [0x00000000d5580000,0x00000000e1280000,0x00000000e1280000)
  from space 13312K, 0% used [0x00000000e1280000,0x00000000e1280000,0x00000000e1f80000)
  to   space 13824K, 0% used [0x00000000e8d00000,0x00000000e8d00000,0x00000000e9a80000)
 ParOldGen       total 109568K, used 17774K [0x0000000080000000, 0x0000000086b00000, 0x00000000d5580000)
  object space 109568K, 16% used [0x0000000080000000,0x000000008115ba48,0x0000000086b00000)
 Metaspace       used 44433K, capacity 46526K, committed 46720K, reserved 1089536K
  class space    used 6027K, capacity 6415K, committed 6528K, reserved 1048576K
Event: 4.701 GC heap after
Heap after GC invocations=10 (full 2):
 PSYoungGen      total 290816K, used 13803K [0x00000000d5580000, 0x00000000e9a80000, 0x0000000100000000)
  eden space 276992K, 0% used [0x00000000d5580000,0x00000000d5580000,0x00000000e6400000)
  from space 13824K, 99% used [0x00000000e8d00000,0x00000000e9a7ad10,0x00000000e9a80000)
  to   space 17408K, 0% used [0x00000000e7880000,0x00000000e7880000,0x00000000e8980000)
 ParOldGen       total 109568K, used 21593K [0x0000000080000000, 0x0000000086b00000, 0x00000000d5580000)
  object space 109568K, 19% used [0x0000000080000000,0x00000000815164a0,0x0000000086b00000)
 Metaspace       used 44433K, capacity 46526K, committed 46720K, reserved 1089536K
  class space    used 6027K, capacity 6415K, committed 6528K, reserved 1048576K
}
Event: 5.932 GC heap before
{Heap before GC invocations=11 (full 2):
 PSYoungGen      total 290816K, used 158064K [0x00000000d5580000, 0x00000000e9a80000, 0x0000000100000000)
  eden space 276992K, 52% used [0x00000000d5580000,0x00000000de261518,0x00000000e6400000)
  from space 13824K, 99% used [0x00000000e8d00000,0x00000000e9a7ad10,0x00000000e9a80000)
  to   space 17408K, 0% used [0x00000000e7880000,0x00000000e7880000,0x00000000e8980000)
 ParOldGen       total 109568K, used 21593K [0x0000000080000000, 0x0000000086b00000, 0x00000000d5580000)
  object space 109568K, 19% used [0x0000000080000000,0x00000000815164a0,0x0000000086b00000)
 Metaspace       used 56540K, capacity 59052K, committed 59096K, reserved 1099776K
  class space    used 7458K, capacity 7924K, committed 7936K, reserved 1048576K
Event: 5.958 GC heap after
Heap after GC invocations=11 (full 2):
 PSYoungGen      total 315392K, used 17380K [0x00000000d5580000, 0x00000000ed400000, 0x0000000100000000)
  eden space 297984K, 0% used [0x00000000d5580000,0x00000000d5580000,0x00000000e7880000)
  from space 17408K, 99% used [0x00000000e7880000,0x00000000e89793d0,0x00000000e8980000)
  to   space 23040K, 0% used [0x00000000ebd80000,0x00000000ebd80000,0x00000000ed400000)
 ParOldGen       total 109568K, used 29864K [0x0000000080000000, 0x0000000086b00000, 0x00000000d5580000)
  object space 109568K, 27% used [0x0000000080000000,0x0000000081d2a380,0x0000000086b00000)
 Metaspace       used 56540K, capacity 59052K, committed 59096K, reserved 1099776K
  class space    used 7458K, capacity 7924K, committed 7936K, reserved 1048576K
}
Event: 5.958 GC heap before
{Heap before GC invocations=12 (full 3):
 PSYoungGen      total 315392K, used 17380K [0x00000000d5580000, 0x00000000ed400000, 0x0000000100000000)
  eden space 297984K, 0% used [0x00000000d5580000,0x00000000d5580000,0x00000000e7880000)
  from space 17408K, 99% used [0x00000000e7880000,0x00000000e89793d0,0x00000000e8980000)
  to   space 23040K, 0% used [0x00000000ebd80000,0x00000000ebd80000,0x00000000ed400000)
 ParOldGen       total 109568K, used 29864K [0x0000000080000000, 0x0000000086b00000, 0x00000000d5580000)
  object space 109568K, 27% used [0x0000000080000000,0x0000000081d2a380,0x0000000086b00000)
 Metaspace       used 56540K, capacity 59052K, committed 59096K, reserved 1099776K
  class space    used 7458K, capacity 7924K, committed 7936K, reserved 1048576K
Event: 6.213 GC heap after
Heap after GC invocations=12 (full 3):
 PSYoungGen      total 315392K, used 0K [0x00000000d5580000, 0x00000000ed400000, 0x0000000100000000)
  eden space 297984K, 0% used [0x00000000d5580000,0x00000000d5580000,0x00000000e7880000)
  from space 17408K, 0% used [0x00000000e7880000,0x00000000e7880000,0x00000000e8980000)
  to   space 23040K, 0% used [0x00000000ebd80000,0x00000000ebd80000,0x00000000ed400000)
 ParOldGen       total 170496K, used 39989K [0x0000000080000000, 0x000000008a680000, 0x00000000d5580000)
  object space 170496K, 23% used [0x0000000080000000,0x000000008270d710,0x000000008a680000)
 Metaspace       used 56463K, capacity 58814K, committed 59096K, reserved 1099776K
  class space    used 7435K, capacity 7889K, committed 7936K, reserved 1048576K
}
Event: 8.701 GC heap before
{Heap before GC invocations=13 (full 3):
 PSYoungGen      total 315392K, used 297984K [0x00000000d5580000, 0x00000000ed400000, 0x0000000100000000)
  eden space 297984K, 100% used [0x00000000d5580000,0x00000000e7880000,0x00000000e7880000)
  from space 17408K, 0% used [0x00000000e7880000,0x00000000e7880000,0x00000000e8980000)
  to   space 23040K, 0% used [0x00000000ebd80000,0x00000000ebd80000,0x00000000ed400000)
 ParOldGen       total 170496K, used 39989K [0x0000000080000000, 0x000000008a680000, 0x00000000d5580000)
  object space 170496K, 23% used [0x0000000080000000,0x000000008270d710,0x000000008a680000)
 Metaspace       used 74951K, capacity 78748K, committed 78936K, reserved 1118208K
  class space    used 10282K, capacity 11013K, committed 11136K, reserved 1048576K
Event: 8.719 GC heap after
Heap after GC invocations=13 (full 3):
 PSYoungGen      total 364032K, used 23032K [0x00000000d5580000, 0x00000000ee200000, 0x0000000100000000)
  eden space 340992K, 0% used [0x00000000d5580000,0x00000000d5580000,0x00000000ea280000)
  from space 23040K, 99% used [0x00000000ebd80000,0x00000000ed3fe3f0,0x00000000ed400000)
  to   space 27648K, 0% used [0x00000000ea280000,0x00000000ea280000,0x00000000ebd80000)
 ParOldGen       total 170496K, used 44940K [0x0000000080000000, 0x000000008a680000, 0x00000000d5580000)
  object space 170496K, 26% used [0x0000000080000000,0x0000000082be3108,0x000000008a680000)
 Metaspace       used 74951K, capacity 78748K, committed 78936K, reserved 1118208K
  class space    used 10282K, capacity 11013K, committed 11136K, reserved 1048576K
}
Event: 1649.001 GC heap before
{Heap before GC invocations=14 (full 3):
 PSYoungGen      total 364032K, used 364024K [0x00000000d5580000, 0x00000000ee200000, 0x0000000100000000)
  eden space 340992K, 100% used [0x00000000d5580000,0x00000000ea280000,0x00000000ea280000)
  from space 23040K, 99% used [0x00000000ebd80000,0x00000000ed3fe3f0,0x00000000ed400000)
  to   space 27648K, 0% used [0x00000000ea280000,0x00000000ea280000,0x00000000ebd80000)
 ParOldGen       total 170496K, used 44940K [0x0000000080000000, 0x000000008a680000, 0x00000000d5580000)
  object space 170496K, 26% used [0x0000000080000000,0x0000000082be3108,0x000000008a680000)
 Metaspace       used 86512K, capacity 91164K, committed 91352K, reserved 1128448K
  class space    used 11503K, capacity 12431K, committed 12544K, reserved 1048576K
Event: 1649.068 GC heap after
Heap after GC invocations=14 (full 3):
 PSYoungGen      total 368640K, used 17840K [0x00000000d5580000, 0x00000000f0900000, 0x0000000100000000)
  eden space 340992K, 0% used [0x00000000d5580000,0x00000000d5580000,0x00000000ea280000)
  from space 27648K, 64% used [0x00000000ea280000,0x00000000eb3ec190,0x00000000ebd80000)
  to   space 28160K, 0% used [0x00000000eed80000,0x00000000eed80000,0x00000000f0900000)
 ParOldGen       total 170496K, used 59774K [0x0000000080000000, 0x000000008a680000, 0x00000000d5580000)
  object space 170496K, 35% used [0x0000000080000000,0x0000000083a5f8b0,0x000000008a680000)
 Metaspace       used 86512K, capacity 91164K, committed 91352K, reserved 1128448K
  class space    used 11503K, capacity 12431K, committed 12544K, reserved 1048576K
}

Deoptimization events (10 events):
Event: 1650.785 Thread 0x0000000020209000 Uncommon trap: reason=unstable_if action=reinterpret pc=0x0000000003de9d64 method=com.esotericsoftware.kryo.io.Input.readUtf8(I)V @ 48
Event: 1650.826 Thread 0x0000000020209000 Uncommon trap: reason=unstable_if action=reinterpret pc=0x00000000039fd19c method=java.lang.String.lastIndexOf([CII[CIII)I @ 17
Event: 1651.125 Thread 0x0000000020209000 Uncommon trap: reason=unstable_if action=reinterpret pc=0x00000000042cd4b8 method=java.io.ObjectOutputStream$BlockDataOutputStream.writeBytes(Ljava/lang/String;)V @ 22
Event: 1651.252 Thread 0x0000000020213800 Uncommon trap: reason=unstable_if action=reinterpret pc=0x0000000003809e78 method=java.io.BufferedOutputStream.write([BII)V @ 6
Event: 1652.023 Thread 0x0000000020215000 Uncommon trap: reason=unstable_if action=reinterpret pc=0x0000000002c81e0c method=java.io.BufferedReader.readLine(Z)Ljava/lang/String; @ 192
Event: 1652.073 Thread 0x0000000020213800 Uncommon trap: reason=unstable_if action=reinterpret pc=0x0000000004204cf8 method=java.util.concurrent.ConcurrentHashMap.putVal(Ljava/lang/Object;Ljava/lang/Object;Z)Ljava/lang/Object; @ 195
Event: 1652.079 Thread 0x0000000020213800 Uncommon trap: reason=bimorphic action=maybe_recompile pc=0x0000000004dff940 method=com.google.common.base.Equivalence$Equals.doHash(Ljava/lang/Object;)I @ 1
Event: 1652.079 Thread 0x0000000020213800 Uncommon trap: reason=bimorphic action=maybe_recompile pc=0x0000000004dff940 method=com.google.common.base.Equivalence$Equals.doHash(Ljava/lang/Object;)I @ 1
Event: 1652.079 Thread 0x0000000020213800 Uncommon trap: reason=bimorphic action=maybe_recompile pc=0x0000000004dff940 method=com.google.common.base.Equivalence$Equals.doHash(Ljava/lang/Object;)I @ 1
Event: 1652.079 Thread 0x0000000020213800 Uncommon trap: reason=bimorphic action=maybe_recompile pc=0x0000000004dff940 method=com.google.common.base.Equivalence$Equals.doHash(Ljava/lang/Object;)I @ 1

Classes redefined (0 events):
No events

Internal exceptions (10 events):
Event: 1650.700 Thread 0x0000000020209000 Exception <a 'java/lang/NoSuchMethodError': <clinit>> (0x00000000e2b4c260) thrown at [C:\src\AOSP-openjdk-git\hotspot\src\share\vm\prims\jni.cpp, line 1615]
Event: 1650.700 Thread 0x0000000020209000 Exception <a 'java/lang/NoSuchMethodError': <clinit>> (0x00000000e2b4dbd8) thrown at [C:\src\AOSP-openjdk-git\hotspot\src\share\vm\prims\jni.cpp, line 1615]
Event: 1650.700 Thread 0x0000000020209000 Exception <a 'java/lang/NoSuchMethodError': <clinit>> (0x00000000e2b53d10) thrown at [C:\src\AOSP-openjdk-git\hotspot\src\share\vm\prims\jni.cpp, line 1615]
Event: 1650.701 Thread 0x0000000020209000 Exception <a 'java/lang/NoSuchMethodError': <clinit>> (0x00000000e2b68af0) thrown at [C:\src\AOSP-openjdk-git\hotspot\src\share\vm\prims\jni.cpp, line 1615]
Event: 1650.701 Thread 0x0000000020209000 Exception <a 'java/lang/NoSuchMethodError': <clinit>> (0x00000000e2b69e10) thrown at [C:\src\AOSP-openjdk-git\hotspot\src\share\vm\prims\jni.cpp, line 1615]
Event: 1650.802 Thread 0x0000000020209000 Exception <a 'java/lang/NoSuchMethodError': java.lang.Object.lambda$comparingByKey$bbdbfea9$1(Ljava/util/Map$Entry;Ljava/util/Map$Entry;)I> (0x00000000e4948b70) thrown at [C:\src\AOSP-openjdk-git\hotspot\src\share\vm\interpreter\linkResolver.cpp, line 620
Event: 1651.125 Thread 0x0000000020209000 Exception <a 'java/lang/NoSuchMethodError': <clinit>> (0x00000000e7ba3570) thrown at [C:\src\AOSP-openjdk-git\hotspot\src\share\vm\prims\jni.cpp, line 1615]
Event: 1651.126 Thread 0x0000000020209000 Exception <a 'java/lang/NoSuchMethodError': <clinit>> (0x00000000e7bc22e0) thrown at [C:\src\AOSP-openjdk-git\hotspot\src\share\vm\prims\jni.cpp, line 1615]
Event: 1651.129 Thread 0x0000000020209000 Exception <a 'java/lang/NoSuchMethodError': <clinit>> (0x00000000e7c0b1d8) thrown at [C:\src\AOSP-openjdk-git\hotspot\src\share\vm\prims\jni.cpp, line 1615]
Event: 1652.040 Thread 0x0000000020213800 Exception <a 'java/lang/NoSuchMethodError': java.lang.Object.lambda$comparingInt$7b0bb60$1(Ljava/util/function/ToIntFunction;Ljava/lang/Object;Ljava/lang/Object;)I> (0x00000000e7eccd70) thrown at [C:\src\AOSP-openjdk-git\hotspot\src\share\vm\interpreter\l

Events (10 events):
Event: 1652.082 loading class com/android/ide/common/symbols/SymbolTable$Companion done
Event: 1652.082 loading class com/google/common/collect/RegularImmutableTable$Values
Event: 1652.082 loading class com/google/common/collect/RegularImmutableTable$Values done
Event: 1652.083 loading class com/google/common/collect/DenseImmutableTable
Event: 1652.083 loading class com/google/common/collect/DenseImmutableTable done
Event: 1652.084 loading class com/google/common/collect/SparseImmutableTable
Event: 1652.084 loading class com/google/common/collect/SparseImmutableTable done
Event: 1652.084 loading class com/google/common/collect/RegularImmutableTable$CellSet
Event: 1652.084 loading class com/google/common/collect/RegularImmutableTable$CellSet done
Event: 1652.085 Thread 0x00000000197ff800 flushing nmethod 0x0000000002b1f2d0


Dynamic libraries:
0x00007ff76eac0000 - 0x00007ff76eaf1000 	C:\Program Files\Android\Android Studio\jre\bin\java.exe
0x00007ffc94ac0000 - 0x00007ffc94cb0000 	C:\WINDOWS\SYSTEM32\ntdll.dll
0x00007ffc93500000 - 0x00007ffc935b2000 	C:\WINDOWS\System32\KERNEL32.DLL
0x00007ffc92820000 - 0x00007ffc92ac5000 	C:\WINDOWS\System32\KERNELBASE.dll
0x00007ffc944e0000 - 0x00007ffc94583000 	C:\WINDOWS\System32\ADVAPI32.dll
0x00007ffc941b0000 - 0x00007ffc9424e000 	C:\WINDOWS\System32\msvcrt.dll
0x00007ffc931f0000 - 0x00007ffc93287000 	C:\WINDOWS\System32\sechost.dll
0x00007ffc930d0000 - 0x00007ffc931ef000 	C:\WINDOWS\System32\RPCRT4.dll
0x00007ffc932f0000 - 0x00007ffc93484000 	C:\WINDOWS\System32\USER32.dll
0x00007ffc92b20000 - 0x00007ffc92b41000 	C:\WINDOWS\System32\win32u.dll
0x00007ffc94280000 - 0x00007ffc942a6000 	C:\WINDOWS\System32\GDI32.dll
0x00007ffc92300000 - 0x00007ffc92498000 	C:\WINDOWS\System32\gdi32full.dll
0x00007ffc92260000 - 0x00007ffc922fe000 	C:\WINDOWS\System32\msvcp_win.dll
0x00007ffc92600000 - 0x00007ffc926fa000 	C:\WINDOWS\System32\ucrtbase.dll
0x00007ffc7aa10000 - 0x00007ffc7ac94000 	C:\WINDOWS\WinSxS\amd64_microsoft.windows.common-controls_6595b64144ccf1df_6.0.18362.1440_none_9e7dbfb9e45e8e67\COMCTL32.dll
0x00007ffc94740000 - 0x00007ffc94a76000 	C:\WINDOWS\System32\combase.dll
0x00007ffc92790000 - 0x00007ffc92811000 	C:\WINDOWS\System32\bcryptPrimitives.dll
0x00007ffc94250000 - 0x00007ffc9427e000 	C:\WINDOWS\System32\IMM32.DLL
0x0000000064850000 - 0x0000000064922000 	C:\Program Files\Android\Android Studio\jre\jre\bin\msvcr100.dll
0x0000000064da0000 - 0x00000000655eb000 	C:\Program Files\Android\Android Studio\jre\jre\bin\server\jvm.dll
0x00007ffc93ff0000 - 0x00007ffc93ff8000 	C:\WINDOWS\System32\PSAPI.DLL
0x00007ffc8f8f0000 - 0x00007ffc8f914000 	C:\WINDOWS\SYSTEM32\WINMM.dll
0x00007ffc74280000 - 0x00007ffc74289000 	C:\WINDOWS\SYSTEM32\WSOCK32.dll
0x00007ffc8ca30000 - 0x00007ffc8ca3a000 	C:\WINDOWS\SYSTEM32\VERSION.dll
0x00007ffc94310000 - 0x00007ffc9437f000 	C:\WINDOWS\System32\WS2_32.dll
0x00007ffc8f8c0000 - 0x00007ffc8f8ed000 	C:\WINDOWS\SYSTEM32\WINMMBASE.dll
0x00007ffc92ad0000 - 0x00007ffc92b1a000 	C:\WINDOWS\System32\cfgmgr32.dll
0x00007ffc744f0000 - 0x00007ffc744ff000 	C:\Program Files\Android\Android Studio\jre\jre\bin\verify.dll
0x00007ffc6fad0000 - 0x00007ffc6faf9000 	C:\Program Files\Android\Android Studio\jre\jre\bin\java.dll
0x00007ffc6f000000 - 0x00007ffc6f016000 	C:\Program Files\Android\Android Studio\jre\jre\bin\zip.dll
0x00007ffc93640000 - 0x00007ffc93d28000 	C:\WINDOWS\System32\SHELL32.dll
0x00007ffc94680000 - 0x00007ffc94727000 	C:\WINDOWS\System32\shcore.dll
0x00007ffc91a30000 - 0x00007ffc921ab000 	C:\WINDOWS\System32\windows.storage.dll
0x00007ffc91a10000 - 0x00007ffc91a2e000 	C:\WINDOWS\System32\profapi.dll
0x00007ffc91980000 - 0x00007ffc919ca000 	C:\WINDOWS\System32\powrprof.dll
0x00007ffc91970000 - 0x00007ffc91980000 	C:\WINDOWS\System32\UMPDC.dll
0x00007ffc942b0000 - 0x00007ffc94302000 	C:\WINDOWS\System32\shlwapi.dll
0x00007ffc919d0000 - 0x00007ffc919e1000 	C:\WINDOWS\System32\kernel.appcore.dll
0x00007ffc92b50000 - 0x00007ffc92b67000 	C:\WINDOWS\System32\cryptsp.dll
0x00007ffc6ef10000 - 0x00007ffc6ef2a000 	C:\Program Files\Android\Android Studio\jre\jre\bin\net.dll
0x00007ffc911b0000 - 0x00007ffc91217000 	C:\WINDOWS\system32\mswsock.dll
0x00007ffc6b8c0000 - 0x00007ffc6b8d3000 	C:\Program Files\Android\Android Studio\jre\jre\bin\nio.dll
0x00007ffc69360000 - 0x00007ffc69387000 	C:\Users\admin\.gradle\native\f6784746aeab05261644944871eae4fe03e0ef1612fff0a4a95f87b438bc6780\windows-amd64\native-platform.dll
0x00007ffc70a00000 - 0x00007ffc70a0d000 	C:\Program Files\Android\Android Studio\jre\jre\bin\management.dll
0x00007ffc90cd0000 - 0x00007ffc90d03000 	C:\WINDOWS\system32\rsaenh.dll
0x00007ffc92760000 - 0x00007ffc92786000 	C:\WINDOWS\System32\bcrypt.dll
0x00007ffc91890000 - 0x00007ffc918b5000 	C:\WINDOWS\SYSTEM32\USERENV.dll
0x00007ffc91380000 - 0x00007ffc9138c000 	C:\WINDOWS\SYSTEM32\CRYPTBASE.dll
0x00007ffc90e60000 - 0x00007ffc90e9a000 	C:\WINDOWS\SYSTEM32\IPHLPAPI.DLL
0x00007ffc94730000 - 0x00007ffc94738000 	C:\WINDOWS\System32\NSI.dll
0x00007ffc8a150000 - 0x00007ffc8a166000 	C:\WINDOWS\SYSTEM32\dhcpcsvc6.DLL
0x00007ffc8ca10000 - 0x00007ffc8ca2c000 	C:\WINDOWS\SYSTEM32\dhcpcsvc.DLL
0x00007ffc90ea0000 - 0x00007ffc90f6b000 	C:\WINDOWS\SYSTEM32\DNSAPI.dll
0x00007ffc8ca40000 - 0x00007ffc8ca4b000 	C:\WINDOWS\SYSTEM32\WINNSI.DLL
0x00007ffc81db0000 - 0x00007ffc81fa4000 	C:\WINDOWS\SYSTEM32\dbghelp.dll

VM Arguments:
jvm_args: -Xmx2048m -Dfile.encoding=UTF-8 -Duser.country=PH -Duser.language=en -Duser.variant 
java_command: org.gradle.launcher.daemon.bootstrap.GradleDaemon 6.5
java_class_path (initial): C:\Users\admin\.gradle\wrapper\dists\gradle-6.5-bin\6nifqtx7604sqp1q6g8wikw7p\gradle-6.5\lib\gradle-launcher-6.5.jar
Launcher Type: SUN_STANDARD

Environment Variables:
PATH=C:\Python39\Scripts\;C:\Python39\;C:\Program Files (x86)\Common Files\Oracle\Java\javapath;C:\WINDOWS\system32;C:\WINDOWS;C:\WINDOWS\System32\Wbem;C:\WINDOWS\System32\WindowsPowerShell\v1.0\;C:\Program Files\Git\cmd;C:\WINDOWS\System32\OpenSSH\;C:\Windows\System32\cmd.exe;C:\Program Files\Java\jre1.8.0_231\bin;C:\ProgramData\chocolatey\bin;C:\Program Files\nodejs\;C:\Users\admin\AppData\Local\Microsoft\WindowsApps;C:\Users\admin\AppData\Local\Programs\Microsoft VS Code\bin;C:\Users\admin\AppData\Roaming\npm
USERNAME=admin
OS=Windows_NT
PROCESSOR_IDENTIFIER=Intel64 Family 6 Model 158 Stepping 9, GenuineIntel



---------------  S Y S T E M  ---------------

OS: Windows 10.0 , 64 bit Build 18362 (10.0.18362.1350)

CPU:total 8 (initial active 8) (4 cores per cpu, 2 threads per core) family 6 model 158 stepping 9, cmov, cx8, fxsr, mmx, sse, sse2, sse3, ssse3, sse4.1, sse4.2, popcnt, avx, avx2, aes, clmul, erms, rtm, 3dnowpref, lzcnt, ht, tsc, tscinvbit, bmi1, bmi2, adx

Memory: 4k page, physical 12447388k(4199224k free), swap 22408860k(12493272k free)

vm_info: OpenJDK 64-Bit Server VM (25.242-b01) for windows-amd64 JRE (1.8.0_242-release-1644-b01), built by "builder" with MS VC++ 10.0 (VS2010)

time: Mon Apr 05 11:00:17 2021
timezone: China Standard Time
elapsed time: 1652 seconds (0d 0h 27m 32s)

